но€б. 30, 2022 12:21:45 AM hw.task2 main
INFO: [-12, 54, 13, 45, 2, 566, -53, 1]
но€б. 30, 2022 12:21:45 AM hw.task2 main
INFO: [-12, 13, 54, 45, 2, 566, -53, 1]
но€б. 30, 2022 12:21:45 AM hw.task2 main
INFO: [-12, 13, 45, 54, 2, 566, -53, 1]
но€б. 30, 2022 12:21:45 AM hw.task2 main
INFO: [-12, 13, 45, 2, 54, 566, -53, 1]
но€б. 30, 2022 12:21:45 AM hw.task2 main
INFO: [-12, 13, 45, 2, 54, -53, 566, 1]
но€б. 30, 2022 12:21:45 AM hw.task2 main
INFO: [-12, 13, 45, 2, 54, -53, 1, 566]
но€б. 30, 2022 12:21:45 AM hw.task2 main
INFO: [-12, 13, 2, 45, 54, -53, 1, 566]
но€б. 30, 2022 12:21:45 AM hw.task2 main
INFO: [-12, 13, 2, 45, -53, 54, 1, 566]
но€б. 30, 2022 12:21:45 AM hw.task2 main
INFO: [-12, 13, 2, 45, -53, 1, 54, 566]
но€б. 30, 2022 12:21:45 AM hw.task2 main
INFO: [-12, 2, 13, 45, -53, 1, 54, 566]
но€б. 30, 2022 12:21:45 AM hw.task2 main
INFO: [-12, 2, 13, -53, 45, 1, 54, 566]
но€б. 30, 2022 12:21:45 AM hw.task2 main
INFO: [-12, 2, 13, -53, 1, 45, 54, 566]
но€б. 30, 2022 12:21:45 AM hw.task2 main
INFO: [-12, 2, -53, 13, 1, 45, 54, 566]
но€б. 30, 2022 12:21:45 AM hw.task2 main
INFO: [-12, 2, -53, 1, 13, 45, 54, 566]
но€б. 30, 2022 12:21:45 AM hw.task2 main
INFO: [-12, -53, 2, 1, 13, 45, 54, 566]
но€б. 30, 2022 12:21:45 AM hw.task2 main
INFO: [-12, -53, 1, 2, 13, 45, 54, 566]
но€б. 30, 2022 12:21:45 AM hw.task2 main
INFO: [-53, -12, 1, 2, 13, 45, 54, 566]
